2023-02-10 12:59:06,684 - mmdet - INFO - Environment info:
------------------------------------------------------------
sys.platform: linux
Python: 3.8.16 (default, Jan 17 2023, 23:13:24) [GCC 11.2.0]
CUDA available: True
GPU 0,1,2,3: GeForce RTX 2080 Ti
CUDA_HOME: /usr
NVCC: Cuda compilation tools, release 10.1, V10.1.24
GCC: gcc (Ubuntu 9.4.0-1ubuntu1~20.04.1) 9.4.0
PyTorch: 1.11.0+cu113
PyTorch compiling details: PyTorch built with:
  - GCC 7.3
  - C++ Version: 201402
  - Intel(R) Math Kernel Library Version 2020.0.0 Product Build 20191122 for Intel(R) 64 architecture applications
  - Intel(R) MKL-DNN v2.5.2 (Git Hash a9302535553c73243c632ad3c4c80beec3d19a1e)
  - OpenMP 201511 (a.k.a. OpenMP 4.5)
  - LAPACK is enabled (usually provided by MKL)
  - NNPACK is enabled
  - CPU capability usage: AVX2
  - CUDA Runtime 11.3
  - NVCC architecture flags: -gencode;arch=compute_37,code=sm_37;-gencode;arch=compute_50,code=sm_50;-gencode;arch=compute_60,code=sm_60;-gencode;arch=compute_70,code=sm_70;-gencode;arch=compute_75,code=sm_75;-gencode;arch=compute_80,code=sm_80;-gencode;arch=compute_86,code=sm_86
  - CuDNN 8.2
  - Magma 2.5.2
  - Build settings: BLAS_INFO=mkl, BUILD_TYPE=Release, CUDA_VERSION=11.3, CUDNN_VERSION=8.2.0, CXX_COMPILER=/opt/rh/devtoolset-7/root/usr/bin/c++, CXX_FLAGS= -Wno-deprecated -fvisibility-inlines-hidden -DUSE_PTHREADPOOL -fopenmp -DNDEBUG -DUSE_KINETO -DUSE_FBGEMM -DUSE_QNNPACK -DUSE_PYTORCH_QNNPACK -DUSE_XNNPACK -DSYMBOLICATE_MOBILE_DEBUG_HANDLE -DEDGE_PROFILER_USE_KINETO -O2 -fPIC -Wno-narrowing -Wall -Wextra -Werror=return-type -Wno-missing-field-initializers -Wno-type-limits -Wno-array-bounds -Wno-unknown-pragmas -Wno-sign-compare -Wno-unused-parameter -Wno-unused-function -Wno-unused-result -Wno-unused-local-typedefs -Wno-strict-overflow -Wno-strict-aliasing -Wno-error=deprecated-declarations -Wno-stringop-overflow -Wno-psabi -Wno-error=pedantic -Wno-error=redundant-decls -Wno-error=old-style-cast -fdiagnostics-color=always -faligned-new -Wno-unused-but-set-variable -Wno-maybe-uninitialized -fno-math-errno -fno-trapping-math -Werror=format -Wno-stringop-overflow, LAPACK_INFO=mkl, PERF_WITH_AVX=1, PERF_WITH_AVX2=1, PERF_WITH_AVX512=1, TORCH_VERSION=1.11.0, USE_CUDA=ON, USE_CUDNN=ON, USE_EXCEPTION_PTR=1, USE_GFLAGS=OFF, USE_GLOG=OFF, USE_MKL=ON, USE_MKLDNN=OFF, USE_MPI=OFF, USE_NCCL=ON, USE_NNPACK=ON, USE_OPENMP=ON, USE_ROCM=OFF, 

TorchVision: 0.12.0+cu113
OpenCV: 4.7.0
MMCV: 1.7.1
MMCV Compiler: GCC 9.3
MMCV CUDA Compiler: 11.3
MMDetection: 2.28.1+
------------------------------------------------------------

2023-02-10 12:59:08,197 - mmdet - INFO - Distributed training: False
2023-02-10 12:59:09,452 - mmdet - INFO - Config:
checkpoint_config = dict(interval=10)
log_config = dict(interval=100, hooks=[dict(type='TextLoggerHook')])
custom_hooks = [dict(type='NumClassCheckHook')]
dist_params = dict(backend='nccl')
log_level = 'INFO'
load_from = 'yolov3_d53_mstrain-608_273e_coco_20210518_115020-a2c3acb8.pth'
resume_from = None
workflow = [('train', 1)]
opencv_num_threads = 0
mp_start_method = 'fork'
auto_scale_lr = dict(enable=False, base_batch_size=64)
model = dict(
    type='YOLOV3',
    backbone=dict(
        type='Darknet',
        depth=53,
        out_indices=(3, 4, 5),
        init_cfg=dict(type='Pretrained', checkpoint='open-mmlab://darknet53')),
    neck=dict(
        type='YOLOV3Neck',
        num_scales=3,
        in_channels=[1024, 512, 256],
        out_channels=[512, 256, 128]),
    bbox_head=dict(
        type='YOLOV3Head',
        num_classes=20,
        in_channels=[512, 256, 128],
        out_channels=[1024, 512, 256],
        anchor_generator=dict(
            type='YOLOAnchorGenerator',
            base_sizes=[[(116, 90), (156, 198), (373, 326)],
                        [(30, 61), (62, 45), (59, 119)],
                        [(10, 13), (16, 30), (33, 23)]],
            strides=[32, 16, 8]),
        bbox_coder=dict(type='YOLOBBoxCoder'),
        featmap_strides=[32, 16, 8],
        loss_cls=dict(
            type='CrossEntropyLoss',
            use_sigmoid=True,
            loss_weight=1.0,
            reduction='sum'),
        loss_conf=dict(
            type='CrossEntropyLoss',
            use_sigmoid=True,
            loss_weight=1.0,
            reduction='sum'),
        loss_xy=dict(
            type='CrossEntropyLoss',
            use_sigmoid=True,
            loss_weight=2.0,
            reduction='sum'),
        loss_wh=dict(type='MSELoss', loss_weight=2.0, reduction='sum')),
    train_cfg=dict(
        assigner=dict(
            type='GridAssigner',
            pos_iou_thr=0.5,
            neg_iou_thr=0.5,
            min_pos_iou=0)),
    test_cfg=dict(
        nms_pre=1000,
        min_bbox_size=0,
        score_thr=0.05,
        conf_thr=0.005,
        nms=dict(type='nms', iou_threshold=0.45),
        max_per_img=100))
dataset_type = 'CocoDataset'
data_root = 'data/coco/'
img_norm_cfg = dict(mean=[0, 0, 0], std=[255.0, 255.0, 255.0], to_rgb=True)
train_pipeline = [
    dict(type='LoadImageFromFile', to_float32=True),
    dict(type='LoadAnnotations', with_bbox=True),
    dict(type='Expand', mean=[0, 0, 0], to_rgb=True, ratio_range=(1, 2)),
    dict(
        type='MinIoURandomCrop',
        min_ious=(0.4, 0.5, 0.6, 0.7, 0.8, 0.9),
        min_crop_size=0.3),
    dict(type='Resize', img_scale=[(320, 320), (608, 608)], keep_ratio=True),
    dict(type='RandomFlip', flip_ratio=0.5),
    dict(type='PhotoMetricDistortion'),
    dict(
        type='Normalize',
        mean=[0, 0, 0],
        std=[255.0, 255.0, 255.0],
        to_rgb=True),
    dict(type='Pad', size_divisor=32),
    dict(type='DefaultFormatBundle'),
    dict(type='Collect', keys=['img', 'gt_bboxes', 'gt_labels'])
]
test_pipeline = [
    dict(type='LoadImageFromFile'),
    dict(
        type='MultiScaleFlipAug',
        img_scale=(608, 608),
        flip=False,
        transforms=[
            dict(type='Resize', keep_ratio=True),
            dict(type='RandomFlip'),
            dict(
                type='Normalize',
                mean=[0, 0, 0],
                std=[255.0, 255.0, 255.0],
                to_rgb=True),
            dict(type='Pad', size_divisor=32),
            dict(type='ImageToTensor', keys=['img']),
            dict(type='Collect', keys=['img'])
        ])
]
data = dict(
    samples_per_gpu=8,
    workers_per_gpu=4,
    train=dict(
        type='VOCDataset',
        ann_file='data/VOCdevkit/VOC2007/ImageSets/Main/train.txt',
        img_prefix='data/VOCdevkit/VOC2007',
        pipeline=[
            dict(type='LoadImageFromFile', to_float32=True),
            dict(type='LoadAnnotations', with_bbox=True),
            dict(
                type='Expand', mean=[0, 0, 0], to_rgb=True,
                ratio_range=(1, 2)),
            dict(
                type='MinIoURandomCrop',
                min_ious=(0.4, 0.5, 0.6, 0.7, 0.8, 0.9),
                min_crop_size=0.3),
            dict(
                type='Resize',
                img_scale=[(320, 320), (608, 608)],
                keep_ratio=True),
            dict(type='RandomFlip', flip_ratio=0.5),
            dict(type='PhotoMetricDistortion'),
            dict(
                type='Normalize',
                mean=[0, 0, 0],
                std=[255.0, 255.0, 255.0],
                to_rgb=True),
            dict(type='Pad', size_divisor=32),
            dict(type='DefaultFormatBundle'),
            dict(type='Collect', keys=['img', 'gt_bboxes', 'gt_labels'])
        ]),
    val=dict(
        type='VOCDataset',
        ann_file='data/VOCdevkit/VOC2007/ImageSets/Main/val.txt',
        img_prefix='data/VOCdevkit/VOC2007',
        pipeline=[
            dict(type='LoadImageFromFile'),
            dict(
                type='MultiScaleFlipAug',
                img_scale=(608, 608),
                flip=False,
                transforms=[
                    dict(type='Resize', keep_ratio=True),
                    dict(type='RandomFlip'),
                    dict(
                        type='Normalize',
                        mean=[0, 0, 0],
                        std=[255.0, 255.0, 255.0],
                        to_rgb=True),
                    dict(type='Pad', size_divisor=32),
                    dict(type='ImageToTensor', keys=['img']),
                    dict(type='Collect', keys=['img'])
                ])
        ]),
    test=dict(
        type='VOCDataset',
        ann_file='data/VOCdevkit/VOC2007/ImageSets/Main/val.txt',
        img_prefix='data/VOCdevkit/VOC2007',
        pipeline=[
            dict(type='LoadImageFromFile'),
            dict(
                type='MultiScaleFlipAug',
                img_scale=(608, 608),
                flip=False,
                transforms=[
                    dict(type='Resize', keep_ratio=True),
                    dict(type='RandomFlip'),
                    dict(
                        type='Normalize',
                        mean=[0, 0, 0],
                        std=[255.0, 255.0, 255.0],
                        to_rgb=True),
                    dict(type='Pad', size_divisor=32),
                    dict(type='ImageToTensor', keys=['img']),
                    dict(type='Collect', keys=['img'])
                ])
        ]))
optimizer = dict(type='SGD', lr=0.001, momentum=0.9, weight_decay=0.0005)
optimizer_config = dict(grad_clip=dict(max_norm=10, norm_type=2))
lr_config = None
runner = dict(type='EpochBasedRunner', max_epochs=25)
evaluation = dict(interval=1, metric=['mAP'])
work_dir = './work_dirs/yolovoc'
auto_resume = False
gpu_ids = range(0, 1)

2023-02-10 12:59:09,453 - mmdet - INFO - Set random seed to 1978926387, deterministic: False
2023-02-10 12:59:16,629 - mmdet - INFO - Automatic scaling of learning rate (LR) has been disabled.
2023-02-10 12:59:16,752 - mmdet - INFO - load checkpoint from local path: yolov3_d53_mstrain-608_273e_coco_20210518_115020-a2c3acb8.pth
2023-02-10 12:59:17,139 - mmdet - WARNING - The model and loaded state dict do not match exactly

size mismatch for bbox_head.convs_pred.0.weight: copying a param with shape torch.Size([255, 1024, 1, 1]) from checkpoint, the shape in current model is torch.Size([75, 1024, 1, 1]).
size mismatch for bbox_head.convs_pred.0.bias: copying a param with shape torch.Size([255]) from checkpoint, the shape in current model is torch.Size([75]).
size mismatch for bbox_head.convs_pred.1.weight: copying a param with shape torch.Size([255, 512, 1, 1]) from checkpoint, the shape in current model is torch.Size([75, 512, 1, 1]).
size mismatch for bbox_head.convs_pred.1.bias: copying a param with shape torch.Size([255]) from checkpoint, the shape in current model is torch.Size([75]).
size mismatch for bbox_head.convs_pred.2.weight: copying a param with shape torch.Size([255, 256, 1, 1]) from checkpoint, the shape in current model is torch.Size([75, 256, 1, 1]).
size mismatch for bbox_head.convs_pred.2.bias: copying a param with shape torch.Size([255]) from checkpoint, the shape in current model is torch.Size([75]).
2023-02-10 12:59:17,165 - mmdet - INFO - Start running, host: xiaohongru@linux-X299X-AORUS-MASTER, work_dir: /home/xiaohongru/pytorch_learn/mmdet/work_dirs/yolovoc
2023-02-10 12:59:17,167 - mmdet - INFO - Hooks will be executed in the following order:
before_run:
(NORMAL      ) CheckpointHook                     
(LOW         ) EvalHook                           
(VERY_LOW    ) TextLoggerHook                     
 -------------------- 
before_train_epoch:
(NORMAL      ) NumClassCheckHook                  
(LOW         ) IterTimerHook                      
(LOW         ) EvalHook                           
(VERY_LOW    ) TextLoggerHook                     
 -------------------- 
before_train_iter:
(LOW         ) IterTimerHook                      
(LOW         ) EvalHook                           
 -------------------- 
after_train_iter:
(ABOVE_NORMAL) OptimizerHook                      
(NORMAL      ) CheckpointHook                     
(LOW         ) IterTimerHook                      
(LOW         ) EvalHook                           
(VERY_LOW    ) TextLoggerHook                     
 -------------------- 
after_train_epoch:
(NORMAL      ) CheckpointHook                     
(LOW         ) EvalHook                           
(VERY_LOW    ) TextLoggerHook                     
 -------------------- 
before_val_epoch:
(NORMAL      ) NumClassCheckHook                  
(LOW         ) IterTimerHook                      
(VERY_LOW    ) TextLoggerHook                     
 -------------------- 
before_val_iter:
(LOW         ) IterTimerHook                      
 -------------------- 
after_val_iter:
(LOW         ) IterTimerHook                      
 -------------------- 
after_val_epoch:
(VERY_LOW    ) TextLoggerHook                     
 -------------------- 
after_run:
(VERY_LOW    ) TextLoggerHook                     
 -------------------- 
2023-02-10 12:59:17,168 - mmdet - INFO - workflow: [('train', 1)], max: 25 epochs
2023-02-10 12:59:17,168 - mmdet - INFO - Checkpoints will be saved to /home/xiaohongru/pytorch_learn/mmdet/work_dirs/yolovoc by HardDiskBackend.
2023-02-10 13:00:03,526 - mmdet - INFO - Epoch [1][100/314]	lr: 1.000e-03, eta: 0:59:52, time: 0.463, data_time: 0.043, memory: 6941, loss_cls: 80.0843, loss_conf: 169.3518, loss_xy: 58.6608, loss_wh: 6.9716, loss: 315.0685, grad_norm: 703.4001
2023-02-10 13:00:47,534 - mmdet - INFO - Epoch [1][200/314]	lr: 1.000e-03, eta: 0:57:36, time: 0.440, data_time: 0.019, memory: 6941, loss_cls: 57.8502, loss_conf: 62.9390, loss_xy: 54.1616, loss_wh: 3.5594, loss: 178.5102, grad_norm: 740.5590
2023-02-10 13:01:29,885 - mmdet - INFO - Epoch [1][300/314]	lr: 1.000e-03, eta: 0:55:39, time: 0.423, data_time: 0.017, memory: 6941, loss_cls: 51.5810, loss_conf: 57.3560, loss_xy: 53.2122, loss_wh: 3.2888, loss: 165.4380, grad_norm: 773.0433
2023-02-10 13:03:11,652 - mmdet - INFO - 
+-------------+------+-------+--------+-------+
| class       | gts  | dets  | recall | ap    |
+-------------+------+-------+--------+-------+
| aeroplane   | 155  | 765   | 0.748  | 0.571 |
| bicycle     | 177  | 425   | 0.734  | 0.488 |
| bird        | 243  | 1157  | 0.683  | 0.445 |
| boat        | 150  | 402   | 0.387  | 0.210 |
| bottle      | 252  | 2022  | 0.841  | 0.583 |
| bus         | 114  | 661   | 0.833  | 0.549 |
| car         | 625  | 6744  | 0.957  | 0.781 |
| cat         | 190  | 910   | 0.921  | 0.698 |
| chair       | 398  | 4673  | 0.812  | 0.533 |
| cow         | 123  | 266   | 0.545  | 0.248 |
| diningtable | 112  | 69    | 0.134  | 0.118 |
| dog         | 257  | 2044  | 0.949  | 0.691 |
| horse       | 180  | 1788  | 0.911  | 0.631 |
| motorbike   | 172  | 1052  | 0.872  | 0.672 |
| person      | 2332 | 18364 | 0.954  | 0.781 |
| pottedplant | 266  | 788   | 0.387  | 0.128 |
| sheep       | 127  | 29    | 0.016  | 0.030 |
| sofa        | 124  | 246   | 0.605  | 0.331 |
| train       | 152  | 824   | 0.928  | 0.724 |
| tvmonitor   | 158  | 1555  | 0.797  | 0.463 |
+-------------+------+-------+--------+-------+
| mAP         |      |       |        | 0.484 |
+-------------+------+-------+--------+-------+
2023-02-10 13:03:11,786 - mmdet - INFO - Exp name: yolovoc.py
2023-02-10 13:03:11,787 - mmdet - INFO - Epoch(val) [1][2510]	mAP: 0.4838, AP50: 0.4840
2023-02-10 13:03:56,065 - mmdet - INFO - Epoch [2][100/314]	lr: 1.000e-03, eta: 0:52:58, time: 0.443, data_time: 0.043, memory: 6941, loss_cls: 44.7824, loss_conf: 52.7941, loss_xy: 54.2099, loss_wh: 3.1598, loss: 154.9461, grad_norm: 798.4186
2023-02-10 13:04:38,916 - mmdet - INFO - Epoch [2][200/314]	lr: 1.000e-03, eta: 0:52:17, time: 0.428, data_time: 0.016, memory: 6941, loss_cls: 34.7929, loss_conf: 46.4455, loss_xy: 49.4774, loss_wh: 3.5736, loss: 134.2894, grad_norm: 813.8917
2023-02-10 13:05:22,112 - mmdet - INFO - Epoch [2][300/314]	lr: 1.000e-03, eta: 0:51:39, time: 0.432, data_time: 0.017, memory: 6941, loss_cls: 33.2117, loss_conf: 45.8746, loss_xy: 50.6384, loss_wh: 3.4849, loss: 133.2097, grad_norm: 804.8014
2023-02-10 13:07:04,665 - mmdet - INFO - 
+-------------+------+-------+--------+-------+
| class       | gts  | dets  | recall | ap    |
+-------------+------+-------+--------+-------+
| aeroplane   | 155  | 610   | 0.877  | 0.714 |
| bicycle     | 177  | 930   | 0.893  | 0.649 |
| bird        | 243  | 1206  | 0.811  | 0.538 |
| boat        | 150  | 640   | 0.580  | 0.352 |
| bottle      | 252  | 2210  | 0.845  | 0.653 |
| bus         | 114  | 553   | 0.868  | 0.690 |
| car         | 625  | 3709  | 0.938  | 0.787 |
| cat         | 190  | 741   | 0.953  | 0.796 |
| chair       | 398  | 3390  | 0.844  | 0.505 |
| cow         | 123  | 862   | 0.935  | 0.675 |
| diningtable | 112  | 517   | 0.741  | 0.302 |
| dog         | 257  | 1250  | 0.961  | 0.785 |
| horse       | 180  | 1291  | 0.950  | 0.784 |
| motorbike   | 172  | 852   | 0.919  | 0.775 |
| person      | 2332 | 12836 | 0.947  | 0.805 |
| pottedplant | 266  | 2460  | 0.744  | 0.356 |
| sheep       | 127  | 566   | 0.323  | 0.147 |
| sofa        | 124  | 801   | 0.887  | 0.649 |
| train       | 152  | 629   | 0.888  | 0.736 |
| tvmonitor   | 158  | 1594  | 0.785  | 0.423 |
+-------------+------+-------+--------+-------+
| mAP         |      |       |        | 0.606 |
+-------------+------+-------+--------+-------+
2023-02-10 13:07:04,868 - mmdet - INFO - Exp name: yolovoc.py
2023-02-10 13:07:04,868 - mmdet - INFO - Epoch(val) [2][2510]	mAP: 0.6060, AP50: 0.6060
2023-02-10 13:07:49,866 - mmdet - INFO - Epoch [3][100/314]	lr: 1.000e-03, eta: 0:50:13, time: 0.450, data_time: 0.044, memory: 6941, loss_cls: 30.3904, loss_conf: 48.2822, loss_xy: 53.5185, loss_wh: 3.6103, loss: 135.8014, grad_norm: 844.8001
2023-02-10 13:08:32,293 - mmdet - INFO - Epoch [3][200/314]	lr: 1.000e-03, eta: 0:49:31, time: 0.424, data_time: 0.016, memory: 6941, loss_cls: 25.5044, loss_conf: 41.7575, loss_xy: 50.4788, loss_wh: 3.3108, loss: 121.0516, grad_norm: 808.4637
2023-02-10 13:09:14,940 - mmdet - INFO - Epoch [3][300/314]	lr: 1.000e-03, eta: 0:48:51, time: 0.426, data_time: 0.016, memory: 6941, loss_cls: 25.5790, loss_conf: 42.8024, loss_xy: 49.2628, loss_wh: 3.1639, loss: 120.8082, grad_norm: 832.1066
2023-02-10 13:10:57,656 - mmdet - INFO - 
+-------------+------+-------+--------+-------+
| class       | gts  | dets  | recall | ap    |
+-------------+------+-------+--------+-------+
| aeroplane   | 155  | 661   | 0.865  | 0.769 |
| bicycle     | 177  | 938   | 0.944  | 0.815 |
| bird        | 243  | 971   | 0.860  | 0.649 |
| boat        | 150  | 864   | 0.807  | 0.481 |
| bottle      | 252  | 1379  | 0.885  | 0.647 |
| bus         | 114  | 665   | 0.912  | 0.790 |
| car         | 625  | 3033  | 0.958  | 0.833 |
| cat         | 190  | 930   | 0.947  | 0.729 |
| chair       | 398  | 2590  | 0.867  | 0.667 |
| cow         | 123  | 595   | 0.911  | 0.783 |
| diningtable | 112  | 848   | 0.884  | 0.477 |
| dog         | 257  | 1054  | 0.957  | 0.798 |
| horse       | 180  | 864   | 0.939  | 0.818 |
| motorbike   | 172  | 892   | 0.953  | 0.809 |
| person      | 2332 | 10369 | 0.954  | 0.848 |
| pottedplant | 266  | 2410  | 0.820  | 0.471 |
| sheep       | 127  | 839   | 0.827  | 0.434 |
| sofa        | 124  | 1091  | 0.927  | 0.685 |
| train       | 152  | 551   | 0.921  | 0.834 |
| tvmonitor   | 158  | 1418  | 0.962  | 0.778 |
+-------------+------+-------+--------+-------+
| mAP         |      |       |        | 0.706 |
+-------------+------+-------+--------+-------+
2023-02-10 13:10:57,786 - mmdet - INFO - Exp name: yolovoc.py
2023-02-10 13:10:57,787 - mmdet - INFO - Epoch(val) [3][2510]	mAP: 0.7057, AP50: 0.7060
2023-02-10 13:11:43,431 - mmdet - INFO - Epoch [4][100/314]	lr: 1.000e-03, eta: 0:47:46, time: 0.456, data_time: 0.044, memory: 6941, loss_cls: 21.7844, loss_conf: 40.0369, loss_xy: 49.2812, loss_wh: 3.7307, loss: 114.8332, grad_norm: 804.5852
2023-02-10 13:12:26,369 - mmdet - INFO - Epoch [4][200/314]	lr: 1.000e-03, eta: 0:47:09, time: 0.429, data_time: 0.016, memory: 6941, loss_cls: 21.2368, loss_conf: 41.2023, loss_xy: 51.1789, loss_wh: 4.1742, loss: 117.7922, grad_norm: 838.7615
2023-02-10 13:13:11,077 - mmdet - INFO - Epoch [4][300/314]	lr: 1.000e-03, eta: 0:46:40, time: 0.447, data_time: 0.020, memory: 6941, loss_cls: 18.7137, loss_conf: 39.6040, loss_xy: 48.2610, loss_wh: 2.7391, loss: 109.3179, grad_norm: 821.1905
2023-02-10 13:14:54,412 - mmdet - INFO - 
+-------------+------+------+--------+-------+
| class       | gts  | dets | recall | ap    |
+-------------+------+------+--------+-------+
| aeroplane   | 155  | 642  | 0.897  | 0.773 |
| bicycle     | 177  | 871  | 0.955  | 0.810 |
| bird        | 243  | 1116 | 0.852  | 0.643 |
| boat        | 150  | 708  | 0.833  | 0.544 |
| bottle      | 252  | 2071 | 0.933  | 0.686 |
| bus         | 114  | 536  | 0.877  | 0.772 |
| car         | 625  | 2586 | 0.960  | 0.852 |
| cat         | 190  | 990  | 0.953  | 0.726 |
| chair       | 398  | 2544 | 0.887  | 0.690 |
| cow         | 123  | 612  | 0.935  | 0.820 |
| diningtable | 112  | 1013 | 0.902  | 0.539 |
| dog         | 257  | 968  | 0.957  | 0.796 |
| horse       | 180  | 622  | 0.961  | 0.845 |
| motorbike   | 172  | 857  | 0.953  | 0.815 |
| person      | 2332 | 9241 | 0.942  | 0.827 |
| pottedplant | 266  | 2433 | 0.857  | 0.530 |
| sheep       | 127  | 853  | 0.913  | 0.569 |
| sofa        | 124  | 911  | 0.952  | 0.707 |
| train       | 152  | 576  | 0.941  | 0.870 |
| tvmonitor   | 158  | 1158 | 0.943  | 0.821 |
+-------------+------+------+--------+-------+
| mAP         |      |      |        | 0.732 |
+-------------+------+------+--------+-------+
2023-02-10 13:14:54,592 - mmdet - INFO - Exp name: yolovoc.py
2023-02-10 13:14:54,594 - mmdet - INFO - Epoch(val) [4][2510]	mAP: 0.7318, AP50: 0.7320
2023-02-10 13:15:40,373 - mmdet - INFO - Epoch [5][100/314]	lr: 1.000e-03, eta: 0:45:39, time: 0.458, data_time: 0.045, memory: 6941, loss_cls: 15.8446, loss_conf: 36.5582, loss_xy: 47.5915, loss_wh: 3.0321, loss: 103.0264, grad_norm: 790.5488
2023-02-10 13:16:23,203 - mmdet - INFO - Epoch [5][200/314]	lr: 1.000e-03, eta: 0:45:00, time: 0.428, data_time: 0.017, memory: 6941, loss_cls: 19.8050, loss_conf: 40.7549, loss_xy: 51.3317, loss_wh: 3.4422, loss: 115.3338, grad_norm: 876.9558
2023-02-10 13:17:05,872 - mmdet - INFO - Epoch [5][300/314]	lr: 1.000e-03, eta: 0:44:19, time: 0.427, data_time: 0.018, memory: 6941, loss_cls: 16.2602, loss_conf: 38.5487, loss_xy: 50.1617, loss_wh: 3.0306, loss: 108.0013, grad_norm: 812.3074
2023-02-10 13:18:46,330 - mmdet - INFO - 
+-------------+------+------+--------+-------+
| class       | gts  | dets | recall | ap    |
+-------------+------+------+--------+-------+
| aeroplane   | 155  | 580  | 0.884  | 0.754 |
| bicycle     | 177  | 923  | 0.932  | 0.750 |
| bird        | 243  | 812  | 0.881  | 0.695 |
| boat        | 150  | 733  | 0.860  | 0.669 |
| bottle      | 252  | 1063 | 0.913  | 0.772 |
| bus         | 114  | 541  | 0.904  | 0.798 |
| car         | 625  | 2029 | 0.901  | 0.731 |
| cat         | 190  | 498  | 0.937  | 0.832 |
| chair       | 398  | 2043 | 0.862  | 0.678 |
| cow         | 123  | 749  | 0.959  | 0.792 |
| diningtable | 112  | 939  | 0.920  | 0.574 |
| dog         | 257  | 1228 | 0.961  | 0.779 |
| horse       | 180  | 770  | 0.961  | 0.850 |
| motorbike   | 172  | 1194 | 0.971  | 0.830 |
| person      | 2332 | 7724 | 0.952  | 0.850 |
| pottedplant | 266  | 1185 | 0.759  | 0.485 |
| sheep       | 127  | 765  | 0.929  | 0.671 |
| sofa        | 124  | 880  | 0.960  | 0.721 |
| train       | 152  | 427  | 0.928  | 0.831 |
| tvmonitor   | 158  | 729  | 0.911  | 0.763 |
+-------------+------+------+--------+-------+
| mAP         |      |      |        | 0.741 |
+-------------+------+------+--------+-------+
2023-02-10 13:18:46,433 - mmdet - INFO - Exp name: yolovoc.py
2023-02-10 13:18:46,434 - mmdet - INFO - Epoch(val) [5][2510]	mAP: 0.7413, AP50: 0.7410
2023-02-10 13:19:32,905 - mmdet - INFO - Epoch [6][100/314]	lr: 1.000e-03, eta: 0:43:25, time: 0.465, data_time: 0.055, memory: 6941, loss_cls: 13.4188, loss_conf: 33.3284, loss_xy: 46.4230, loss_wh: 2.9407, loss: 96.1109, grad_norm: 767.9151
2023-02-10 13:20:15,228 - mmdet - INFO - Epoch [6][200/314]	lr: 1.000e-03, eta: 0:42:43, time: 0.423, data_time: 0.015, memory: 6941, loss_cls: 15.6159, loss_conf: 37.8622, loss_xy: 48.7411, loss_wh: 2.6509, loss: 104.8702, grad_norm: 810.0502
2023-02-10 13:20:58,391 - mmdet - INFO - Epoch [6][300/314]	lr: 1.000e-03, eta: 0:42:04, time: 0.432, data_time: 0.014, memory: 6941, loss_cls: 13.3884, loss_conf: 37.2883, loss_xy: 50.2556, loss_wh: 2.7967, loss: 103.7290, grad_norm: 816.6151
2023-02-10 13:22:41,460 - mmdet - INFO - 
+-------------+------+------+--------+-------+
| class       | gts  | dets | recall | ap    |
+-------------+------+------+--------+-------+
| aeroplane   | 155  | 606  | 0.942  | 0.837 |
| bicycle     | 177  | 750  | 0.938  | 0.788 |
| bird        | 243  | 1237 | 0.868  | 0.661 |
| boat        | 150  | 672  | 0.880  | 0.658 |
| bottle      | 252  | 1545 | 0.929  | 0.707 |
| bus         | 114  | 645  | 0.947  | 0.806 |
| car         | 625  | 2031 | 0.954  | 0.875 |
| cat         | 190  | 663  | 0.937  | 0.838 |
| chair       | 398  | 2301 | 0.889  | 0.699 |
| cow         | 123  | 445  | 0.886  | 0.689 |
| diningtable | 112  | 682  | 0.893  | 0.656 |
| dog         | 257  | 1095 | 0.953  | 0.806 |
| horse       | 180  | 767  | 0.978  | 0.836 |
| motorbike   | 172  | 665  | 0.971  | 0.860 |
| person      | 2332 | 8644 | 0.956  | 0.860 |
| pottedplant | 266  | 1656 | 0.793  | 0.466 |
| sheep       | 127  | 788  | 0.866  | 0.581 |
| sofa        | 124  | 736  | 0.952  | 0.733 |
| train       | 152  | 589  | 0.947  | 0.867 |
| tvmonitor   | 158  | 700  | 0.918  | 0.790 |
+-------------+------+------+--------+-------+
| mAP         |      |      |        | 0.751 |
+-------------+------+------+--------+-------+
2023-02-10 13:22:41,606 - mmdet - INFO - Exp name: yolovoc.py
2023-02-10 13:22:41,607 - mmdet - INFO - Epoch(val) [6][2510]	mAP: 0.7507, AP50: 0.7510
2023-02-10 13:23:27,217 - mmdet - INFO - Epoch [7][100/314]	lr: 1.000e-03, eta: 0:41:09, time: 0.456, data_time: 0.045, memory: 6941, loss_cls: 12.3121, loss_conf: 32.2690, loss_xy: 46.3434, loss_wh: 2.8973, loss: 93.8218, grad_norm: 768.0607
2023-02-10 13:24:10,194 - mmdet - INFO - Epoch [7][200/314]	lr: 1.000e-03, eta: 0:40:29, time: 0.430, data_time: 0.016, memory: 6941, loss_cls: 13.6179, loss_conf: 35.9639, loss_xy: 50.0538, loss_wh: 2.4243, loss: 102.0599, grad_norm: 832.7984
2023-02-10 13:24:53,586 - mmdet - INFO - Epoch [7][300/314]	lr: 1.000e-03, eta: 0:39:50, time: 0.434, data_time: 0.017, memory: 6941, loss_cls: 12.3797, loss_conf: 33.4800, loss_xy: 47.5949, loss_wh: 3.6245, loss: 97.0791, grad_norm: 800.0232
2023-02-10 13:26:38,306 - mmdet - INFO - 
+-------------+------+------+--------+-------+
| class       | gts  | dets | recall | ap    |
+-------------+------+------+--------+-------+
| aeroplane   | 155  | 409  | 0.923  | 0.818 |
| bicycle     | 177  | 582  | 0.949  | 0.844 |
| bird        | 243  | 810  | 0.881  | 0.715 |
| boat        | 150  | 609  | 0.867  | 0.642 |
| bottle      | 252  | 1133 | 0.925  | 0.756 |
| bus         | 114  | 325  | 0.921  | 0.831 |
| car         | 625  | 1744 | 0.946  | 0.835 |
| cat         | 190  | 430  | 0.921  | 0.811 |
| chair       | 398  | 2190 | 0.862  | 0.681 |
| cow         | 123  | 460  | 0.935  | 0.832 |
| diningtable | 112  | 629  | 0.866  | 0.640 |
| dog         | 257  | 1180 | 0.965  | 0.742 |
| horse       | 180  | 575  | 0.933  | 0.836 |
| motorbike   | 172  | 487  | 0.919  | 0.836 |
| person      | 2332 | 7598 | 0.957  | 0.854 |
| pottedplant | 266  | 1570 | 0.846  | 0.567 |
| sheep       | 127  | 773  | 0.913  | 0.698 |
| sofa        | 124  | 767  | 0.960  | 0.733 |
| train       | 152  | 325  | 0.928  | 0.889 |
| tvmonitor   | 158  | 648  | 0.911  | 0.793 |
+-------------+------+------+--------+-------+
| mAP         |      |      |        | 0.768 |
+-------------+------+------+--------+-------+
2023-02-10 13:26:38,552 - mmdet - INFO - Exp name: yolovoc.py
2023-02-10 13:26:38,552 - mmdet - INFO - Epoch(val) [7][2510]	mAP: 0.7676, AP50: 0.7680
2023-02-10 13:27:23,431 - mmdet - INFO - Epoch [8][100/314]	lr: 1.000e-03, eta: 0:38:54, time: 0.449, data_time: 0.044, memory: 6941, loss_cls: 11.6246, loss_conf: 33.0841, loss_xy: 49.8336, loss_wh: 3.0232, loss: 97.5655, grad_norm: 802.4773
2023-02-10 13:28:07,027 - mmdet - INFO - Epoch [8][200/314]	lr: 1.000e-03, eta: 0:38:16, time: 0.436, data_time: 0.017, memory: 6941, loss_cls: 11.6421, loss_conf: 33.5819, loss_xy: 47.8404, loss_wh: 2.6617, loss: 95.7262, grad_norm: 809.2964
2023-02-10 13:28:49,844 - mmdet - INFO - Epoch [8][300/314]	lr: 1.000e-03, eta: 0:37:35, time: 0.428, data_time: 0.016, memory: 6941, loss_cls: 10.8617, loss_conf: 33.4015, loss_xy: 47.2001, loss_wh: 2.6315, loss: 94.0948, grad_norm: 796.9015
2023-02-10 13:30:33,010 - mmdet - INFO - 
+-------------+------+------+--------+-------+
| class       | gts  | dets | recall | ap    |
+-------------+------+------+--------+-------+
| aeroplane   | 155  | 595  | 0.910  | 0.668 |
| bicycle     | 177  | 689  | 0.915  | 0.779 |
| bird        | 243  | 1141 | 0.831  | 0.547 |
| boat        | 150  | 675  | 0.880  | 0.668 |
| bottle      | 252  | 1286 | 0.925  | 0.731 |
| bus         | 114  | 412  | 0.930  | 0.823 |
| car         | 625  | 1926 | 0.920  | 0.809 |
| cat         | 190  | 554  | 0.947  | 0.815 |
| chair       | 398  | 2384 | 0.912  | 0.722 |
| cow         | 123  | 487  | 0.886  | 0.694 |
| diningtable | 112  | 601  | 0.902  | 0.706 |
| dog         | 257  | 1099 | 0.965  | 0.807 |
| horse       | 180  | 507  | 0.961  | 0.874 |
| motorbike   | 172  | 618  | 0.948  | 0.826 |
| person      | 2332 | 8176 | 0.953  | 0.843 |
| pottedplant | 266  | 1451 | 0.793  | 0.427 |
| sheep       | 127  | 805  | 0.843  | 0.514 |
| sofa        | 124  | 865  | 0.968  | 0.756 |
| train       | 152  | 419  | 0.947  | 0.853 |
| tvmonitor   | 158  | 486  | 0.892  | 0.791 |
+-------------+------+------+--------+-------+
| mAP         |      |      |        | 0.733 |
+-------------+------+------+--------+-------+
2023-02-10 13:30:33,229 - mmdet - INFO - Exp name: yolovoc.py
2023-02-10 13:30:33,230 - mmdet - INFO - Epoch(val) [8][2510]	mAP: 0.7327, AP50: 0.7330
2023-02-10 13:31:20,902 - mmdet - INFO - Epoch [9][100/314]	lr: 1.000e-03, eta: 0:36:46, time: 0.476, data_time: 0.047, memory: 6941, loss_cls: 9.7995, loss_conf: 31.1538, loss_xy: 47.5182, loss_wh: 2.9709, loss: 91.4423, grad_norm: 765.1125
2023-02-10 13:32:03,657 - mmdet - INFO - Epoch [9][200/314]	lr: 1.000e-03, eta: 0:36:05, time: 0.428, data_time: 0.017, memory: 6941, loss_cls: 9.7303, loss_conf: 31.1752, loss_xy: 47.3434, loss_wh: 2.6463, loss: 90.8951, grad_norm: 758.0056
2023-02-10 13:32:46,770 - mmdet - INFO - Epoch [9][300/314]	lr: 1.000e-03, eta: 0:35:25, time: 0.431, data_time: 0.017, memory: 6941, loss_cls: 10.8371, loss_conf: 33.2633, loss_xy: 48.8194, loss_wh: 2.7042, loss: 95.6240, grad_norm: 838.3035
2023-02-10 13:34:30,406 - mmdet - INFO - 
+-------------+------+------+--------+-------+
| class       | gts  | dets | recall | ap    |
+-------------+------+------+--------+-------+
| aeroplane   | 155  | 400  | 0.923  | 0.844 |
| bicycle     | 177  | 657  | 0.949  | 0.854 |
| bird        | 243  | 918  | 0.901  | 0.739 |
| boat        | 150  | 597  | 0.813  | 0.575 |
| bottle      | 252  | 1288 | 0.944  | 0.768 |
| bus         | 114  | 536  | 0.930  | 0.789 |
| car         | 625  | 1749 | 0.954  | 0.860 |
| cat         | 190  | 635  | 0.968  | 0.842 |
| chair       | 398  | 2208 | 0.905  | 0.731 |
| cow         | 123  | 347  | 0.911  | 0.789 |
| diningtable | 112  | 899  | 0.884  | 0.649 |
| dog         | 257  | 905  | 0.953  | 0.823 |
| horse       | 180  | 451  | 0.961  | 0.868 |
| motorbike   | 172  | 565  | 0.953  | 0.835 |
| person      | 2332 | 7496 | 0.944  | 0.821 |
| pottedplant | 266  | 1510 | 0.729  | 0.371 |
| sheep       | 127  | 749  | 0.937  | 0.750 |
| sofa        | 124  | 982  | 0.976  | 0.779 |
| train       | 152  | 296  | 0.941  | 0.888 |
| tvmonitor   | 158  | 595  | 0.918  | 0.777 |
+-------------+------+------+--------+-------+
| mAP         |      |      |        | 0.768 |
+-------------+------+------+--------+-------+
2023-02-10 13:34:30,540 - mmdet - INFO - Exp name: yolovoc.py
2023-02-10 13:34:30,540 - mmdet - INFO - Epoch(val) [9][2510]	mAP: 0.7676, AP50: 0.7680
2023-02-10 13:35:15,735 - mmdet - INFO - Epoch [10][100/314]	lr: 1.000e-03, eta: 0:34:32, time: 0.452, data_time: 0.045, memory: 6941, loss_cls: 10.1357, loss_conf: 30.7771, loss_xy: 48.2399, loss_wh: 2.6290, loss: 91.7816, grad_norm: 810.4906
2023-02-10 13:35:58,433 - mmdet - INFO - Epoch [10][200/314]	lr: 1.000e-03, eta: 0:33:51, time: 0.427, data_time: 0.015, memory: 6941, loss_cls: 9.7404, loss_conf: 30.4242, loss_xy: 47.6771, loss_wh: 2.7322, loss: 90.5738, grad_norm: 749.4692
2023-02-10 13:36:40,996 - mmdet - INFO - Epoch [10][300/314]	lr: 1.000e-03, eta: 0:33:09, time: 0.426, data_time: 0.017, memory: 6941, loss_cls: 9.5545, loss_conf: 32.2484, loss_xy: 50.9255, loss_wh: 2.8115, loss: 95.5400, grad_norm: 786.2866
2023-02-10 13:36:47,076 - mmdet - INFO - Saving checkpoint at 10 epochs
2023-02-10 13:38:25,440 - mmdet - INFO - 
+-------------+------+------+--------+-------+
| class       | gts  | dets | recall | ap    |
+-------------+------+------+--------+-------+
| aeroplane   | 155  | 465  | 0.845  | 0.566 |
| bicycle     | 177  | 507  | 0.938  | 0.842 |
| bird        | 243  | 976  | 0.872  | 0.707 |
| boat        | 150  | 542  | 0.860  | 0.599 |
| bottle      | 252  | 1123 | 0.929  | 0.713 |
| bus         | 114  | 271  | 0.895  | 0.801 |
| car         | 625  | 1634 | 0.934  | 0.849 |
| cat         | 190  | 676  | 0.968  | 0.798 |
| chair       | 398  | 1959 | 0.877  | 0.704 |
| cow         | 123  | 383  | 0.911  | 0.730 |
| diningtable | 112  | 611  | 0.893  | 0.636 |
| dog         | 257  | 676  | 0.922  | 0.796 |
| horse       | 180  | 497  | 0.972  | 0.856 |
| motorbike   | 172  | 596  | 0.977  | 0.842 |
| person      | 2332 | 6269 | 0.937  | 0.842 |
| pottedplant | 266  | 1229 | 0.782  | 0.562 |
| sheep       | 127  | 528  | 0.898  | 0.766 |
| sofa        | 124  | 862  | 0.968  | 0.719 |
| train       | 152  | 395  | 0.941  | 0.851 |
| tvmonitor   | 158  | 460  | 0.899  | 0.766 |
+-------------+------+------+--------+-------+
| mAP         |      |      |        | 0.747 |
+-------------+------+------+--------+-------+
2023-02-10 13:38:25,614 - mmdet - INFO - Exp name: yolovoc.py
2023-02-10 13:38:25,615 - mmdet - INFO - Epoch(val) [10][2510]	mAP: 0.7472, AP50: 0.7470
2023-02-10 13:39:10,809 - mmdet - INFO - Epoch [11][100/314]	lr: 1.000e-03, eta: 0:32:17, time: 0.452, data_time: 0.043, memory: 6941, loss_cls: 9.4637, loss_conf: 30.0767, loss_xy: 48.3484, loss_wh: 2.7108, loss: 90.5996, grad_norm: 798.3979
2023-02-10 13:39:53,881 - mmdet - INFO - Epoch [11][200/314]	lr: 1.000e-03, eta: 0:31:37, time: 0.431, data_time: 0.017, memory: 6941, loss_cls: 9.0651, loss_conf: 31.6038, loss_xy: 51.3629, loss_wh: 2.9443, loss: 94.9761, grad_norm: 841.0338
2023-02-10 13:40:36,597 - mmdet - INFO - Epoch [11][300/314]	lr: 1.000e-03, eta: 0:30:55, time: 0.427, data_time: 0.016, memory: 6941, loss_cls: 8.6686, loss_conf: 30.6254, loss_xy: 47.3195, loss_wh: 2.6548, loss: 89.2683, grad_norm: 801.2482
2023-02-10 13:42:21,369 - mmdet - INFO - 
+-------------+------+------+--------+-------+
| class       | gts  | dets | recall | ap    |
+-------------+------+------+--------+-------+
| aeroplane   | 155  | 412  | 0.929  | 0.830 |
| bicycle     | 177  | 482  | 0.927  | 0.821 |
| bird        | 243  | 642  | 0.852  | 0.685 |
| boat        | 150  | 476  | 0.860  | 0.675 |
| bottle      | 252  | 917  | 0.889  | 0.684 |
| bus         | 114  | 352  | 0.912  | 0.832 |
| car         | 625  | 1465 | 0.938  | 0.850 |
| cat         | 190  | 473  | 0.963  | 0.840 |
| chair       | 398  | 2078 | 0.899  | 0.698 |
| cow         | 123  | 426  | 0.927  | 0.823 |
| diningtable | 112  | 510  | 0.893  | 0.588 |
| dog         | 257  | 755  | 0.942  | 0.807 |
| horse       | 180  | 594  | 0.944  | 0.842 |
| motorbike   | 172  | 589  | 0.948  | 0.819 |
| person      | 2332 | 6685 | 0.933  | 0.833 |
| pottedplant | 266  | 1183 | 0.831  | 0.574 |
| sheep       | 127  | 643  | 0.906  | 0.724 |
| sofa        | 124  | 781  | 0.952  | 0.728 |
| train       | 152  | 309  | 0.954  | 0.892 |
| tvmonitor   | 158  | 719  | 0.937  | 0.811 |
+-------------+------+------+--------+-------+
| mAP         |      |      |        | 0.768 |
+-------------+------+------+--------+-------+
2023-02-10 13:42:21,552 - mmdet - INFO - Exp name: yolovoc.py
2023-02-10 13:42:21,553 - mmdet - INFO - Epoch(val) [11][2510]	mAP: 0.7677, AP50: 0.7680
2023-02-10 13:43:06,544 - mmdet - INFO - Epoch [12][100/314]	lr: 1.000e-03, eta: 0:30:04, time: 0.450, data_time: 0.042, memory: 6941, loss_cls: 8.2962, loss_conf: 28.7005, loss_xy: 48.1628, loss_wh: 2.2905, loss: 87.4500, grad_norm: 781.8255
2023-02-10 13:43:50,909 - mmdet - INFO - Epoch [12][200/314]	lr: 1.000e-03, eta: 0:29:25, time: 0.444, data_time: 0.019, memory: 6941, loss_cls: 8.6014, loss_conf: 29.0253, loss_xy: 49.3348, loss_wh: 2.9388, loss: 89.9003, grad_norm: 774.9354
2023-02-10 13:44:34,186 - mmdet - INFO - Epoch [12][300/314]	lr: 1.000e-03, eta: 0:28:44, time: 0.433, data_time: 0.018, memory: 6941, loss_cls: 7.7147, loss_conf: 28.1103, loss_xy: 46.6290, loss_wh: 2.4715, loss: 84.9255, grad_norm: 753.1982
2023-02-10 13:46:17,777 - mmdet - INFO - 
+-------------+------+------+--------+-------+
| class       | gts  | dets | recall | ap    |
+-------------+------+------+--------+-------+
| aeroplane   | 155  | 429  | 0.935  | 0.820 |
| bicycle     | 177  | 639  | 0.819  | 0.582 |
| bird        | 243  | 797  | 0.868  | 0.687 |
| boat        | 150  | 521  | 0.807  | 0.511 |
| bottle      | 252  | 826  | 0.885  | 0.723 |
| bus         | 114  | 301  | 0.912  | 0.851 |
| car         | 625  | 1410 | 0.917  | 0.858 |
| cat         | 190  | 565  | 0.895  | 0.642 |
| chair       | 398  | 2042 | 0.874  | 0.647 |
| cow         | 123  | 437  | 0.862  | 0.628 |
| diningtable | 112  | 594  | 0.875  | 0.651 |
| dog         | 257  | 707  | 0.903  | 0.750 |
| horse       | 180  | 607  | 0.939  | 0.832 |
| motorbike   | 172  | 578  | 0.855  | 0.590 |
| person      | 2332 | 6314 | 0.934  | 0.832 |
| pottedplant | 266  | 1299 | 0.759  | 0.380 |
| sheep       | 127  | 755  | 0.890  | 0.490 |
| sofa        | 124  | 867  | 0.935  | 0.677 |
| train       | 152  | 330  | 0.934  | 0.847 |
| tvmonitor   | 158  | 483  | 0.861  | 0.619 |
+-------------+------+------+--------+-------+
| mAP         |      |      |        | 0.681 |
+-------------+------+------+--------+-------+
2023-02-10 13:46:17,962 - mmdet - INFO - Exp name: yolovoc.py
2023-02-10 13:46:17,962 - mmdet - INFO - Epoch(val) [12][2510]	mAP: 0.6809, AP50: 0.6810
2023-02-10 13:47:03,543 - mmdet - INFO - Epoch [13][100/314]	lr: 1.000e-03, eta: 0:27:53, time: 0.456, data_time: 0.045, memory: 6941, loss_cls: 7.0859, loss_conf: 29.4896, loss_xy: 48.2673, loss_wh: 2.4169, loss: 87.2597, grad_norm: 769.6041
2023-02-10 13:47:46,620 - mmdet - INFO - Epoch [13][200/314]	lr: 1.000e-03, eta: 0:27:12, time: 0.431, data_time: 0.017, memory: 6941, loss_cls: 7.9141, loss_conf: 27.1804, loss_xy: 46.8375, loss_wh: 2.5870, loss: 84.5190, grad_norm: 771.3899
2023-02-10 13:48:29,593 - mmdet - INFO - Epoch [13][300/314]	lr: 1.000e-03, eta: 0:26:31, time: 0.430, data_time: 0.017, memory: 6941, loss_cls: 7.5858, loss_conf: 28.9649, loss_xy: 48.8746, loss_wh: 2.2314, loss: 87.6568, grad_norm: 789.2089
2023-02-10 13:50:12,913 - mmdet - INFO - 
+-------------+------+------+--------+-------+
| class       | gts  | dets | recall | ap    |
+-------------+------+------+--------+-------+
| aeroplane   | 155  | 460  | 0.897  | 0.728 |
| bicycle     | 177  | 470  | 0.955  | 0.882 |
| bird        | 243  | 693  | 0.840  | 0.683 |
| boat        | 150  | 454  | 0.873  | 0.659 |
| bottle      | 252  | 678  | 0.861  | 0.729 |
| bus         | 114  | 222  | 0.868  | 0.789 |
| car         | 625  | 1476 | 0.946  | 0.870 |
| cat         | 190  | 464  | 0.926  | 0.787 |
| chair       | 398  | 2032 | 0.872  | 0.666 |
| cow         | 123  | 390  | 0.878  | 0.730 |
| diningtable | 112  | 550  | 0.893  | 0.696 |
| dog         | 257  | 947  | 0.938  | 0.789 |
| horse       | 180  | 558  | 0.928  | 0.837 |
| motorbike   | 172  | 573  | 0.983  | 0.859 |
| person      | 2332 | 5663 | 0.938  | 0.846 |
| pottedplant | 266  | 1079 | 0.823  | 0.595 |
| sheep       | 127  | 602  | 0.890  | 0.665 |
| sofa        | 124  | 770  | 0.968  | 0.760 |
| train       | 152  | 279  | 0.914  | 0.876 |
| tvmonitor   | 158  | 310  | 0.835  | 0.746 |
+-------------+------+------+--------+-------+
| mAP         |      |      |        | 0.760 |
+-------------+------+------+--------+-------+
2023-02-10 13:50:13,030 - mmdet - INFO - Exp name: yolovoc.py
2023-02-10 13:50:13,032 - mmdet - INFO - Epoch(val) [13][2510]	mAP: 0.7596, AP50: 0.7600
2023-02-10 13:50:58,143 - mmdet - INFO - Epoch [14][100/314]	lr: 1.000e-03, eta: 0:25:41, time: 0.451, data_time: 0.045, memory: 6941, loss_cls: 7.2981, loss_conf: 28.2570, loss_xy: 48.2512, loss_wh: 2.5730, loss: 86.3794, grad_norm: 776.7935
2023-02-10 13:51:40,907 - mmdet - INFO - Epoch [14][200/314]	lr: 1.000e-03, eta: 0:24:59, time: 0.428, data_time: 0.016, memory: 6941, loss_cls: 6.8563, loss_conf: 27.7193, loss_xy: 49.4742, loss_wh: 2.3859, loss: 86.4356, grad_norm: 779.2853
2023-02-10 13:52:23,861 - mmdet - INFO - Epoch [14][300/314]	lr: 1.000e-03, eta: 0:24:18, time: 0.430, data_time: 0.016, memory: 6941, loss_cls: 7.1693, loss_conf: 26.5456, loss_xy: 47.2256, loss_wh: 2.2315, loss: 83.1721, grad_norm: 741.2006
2023-02-10 13:54:08,640 - mmdet - INFO - 
+-------------+------+------+--------+-------+
| class       | gts  | dets | recall | ap    |
+-------------+------+------+--------+-------+
| aeroplane   | 155  | 390  | 0.955  | 0.851 |
| bicycle     | 177  | 471  | 0.949  | 0.875 |
| bird        | 243  | 1008 | 0.909  | 0.752 |
| boat        | 150  | 547  | 0.820  | 0.614 |
| bottle      | 252  | 821  | 0.893  | 0.691 |
| bus         | 114  | 278  | 0.904  | 0.839 |
| car         | 625  | 1436 | 0.949  | 0.871 |
| cat         | 190  | 555  | 0.963  | 0.803 |
| chair       | 398  | 1814 | 0.867  | 0.693 |
| cow         | 123  | 509  | 0.927  | 0.806 |
| diningtable | 112  | 475  | 0.893  | 0.665 |
| dog         | 257  | 712  | 0.907  | 0.775 |
| horse       | 180  | 502  | 0.950  | 0.834 |
| motorbike   | 172  | 555  | 0.965  | 0.850 |
| person      | 2332 | 5789 | 0.937  | 0.848 |
| pottedplant | 266  | 1122 | 0.805  | 0.593 |
| sheep       | 127  | 836  | 0.906  | 0.694 |
| sofa        | 124  | 826  | 0.944  | 0.720 |
| train       | 152  | 318  | 0.947  | 0.875 |
| tvmonitor   | 158  | 337  | 0.867  | 0.784 |
+-------------+------+------+--------+-------+
| mAP         |      |      |        | 0.772 |
+-------------+------+------+--------+-------+
2023-02-10 13:54:08,784 - mmdet - INFO - Exp name: yolovoc.py
2023-02-10 13:54:08,785 - mmdet - INFO - Epoch(val) [14][2510]	mAP: 0.7717, AP50: 0.7720
2023-02-10 13:54:54,308 - mmdet - INFO - Epoch [15][100/314]	lr: 1.000e-03, eta: 0:23:28, time: 0.455, data_time: 0.044, memory: 6941, loss_cls: 6.6904, loss_conf: 28.0870, loss_xy: 48.5210, loss_wh: 2.2807, loss: 85.5791, grad_norm: 755.8834
2023-02-10 13:55:37,509 - mmdet - INFO - Epoch [15][200/314]	lr: 1.000e-03, eta: 0:22:47, time: 0.432, data_time: 0.016, memory: 6941, loss_cls: 6.8733, loss_conf: 25.3168, loss_xy: 44.5820, loss_wh: 2.1663, loss: 78.9384, grad_norm: 768.6224
2023-02-10 13:56:22,708 - mmdet - INFO - Epoch [15][300/314]	lr: 1.000e-03, eta: 0:22:07, time: 0.452, data_time: 0.019, memory: 6941, loss_cls: 6.7927, loss_conf: 26.3130, loss_xy: 47.5934, loss_wh: 2.2715, loss: 82.9706, grad_norm: 753.8957
2023-02-10 13:58:06,710 - mmdet - INFO - 
+-------------+------+------+--------+-------+
| class       | gts  | dets | recall | ap    |
+-------------+------+------+--------+-------+
| aeroplane   | 155  | 439  | 0.910  | 0.695 |
| bicycle     | 177  | 348  | 0.910  | 0.824 |
| bird        | 243  | 778  | 0.807  | 0.653 |
| boat        | 150  | 616  | 0.860  | 0.676 |
| bottle      | 252  | 649  | 0.873  | 0.720 |
| bus         | 114  | 383  | 0.895  | 0.744 |
| car         | 625  | 1490 | 0.922  | 0.811 |
| cat         | 190  | 341  | 0.895  | 0.781 |
| chair       | 398  | 1928 | 0.889  | 0.689 |
| cow         | 123  | 524  | 0.943  | 0.752 |
| diningtable | 112  | 633  | 0.902  | 0.687 |
| dog         | 257  | 784  | 0.938  | 0.797 |
| horse       | 180  | 506  | 0.956  | 0.838 |
| motorbike   | 172  | 501  | 0.942  | 0.837 |
| person      | 2332 | 5653 | 0.940  | 0.857 |
| pottedplant | 266  | 1018 | 0.786  | 0.531 |
| sheep       | 127  | 485  | 0.890  | 0.709 |
| sofa        | 124  | 1054 | 0.976  | 0.733 |
| train       | 152  | 309  | 0.928  | 0.866 |
| tvmonitor   | 158  | 441  | 0.873  | 0.661 |
+-------------+------+------+--------+-------+
| mAP         |      |      |        | 0.743 |
+-------------+------+------+--------+-------+
2023-02-10 13:58:06,953 - mmdet - INFO - Exp name: yolovoc.py
2023-02-10 13:58:06,954 - mmdet - INFO - Epoch(val) [15][2510]	mAP: 0.7431, AP50: 0.7430
2023-02-10 13:58:52,650 - mmdet - INFO - Epoch [16][100/314]	lr: 1.000e-03, eta: 0:21:18, time: 0.457, data_time: 0.044, memory: 6941, loss_cls: 6.6379, loss_conf: 24.5179, loss_xy: 45.5610, loss_wh: 2.5255, loss: 79.2423, grad_norm: 763.3539
2023-02-10 13:59:36,064 - mmdet - INFO - Epoch [16][200/314]	lr: 1.000e-03, eta: 0:20:36, time: 0.434, data_time: 0.017, memory: 6941, loss_cls: 6.2618, loss_conf: 27.2784, loss_xy: 46.2560, loss_wh: 2.1939, loss: 81.9901, grad_norm: 738.0969
2023-02-10 14:00:18,957 - mmdet - INFO - Epoch [16][300/314]	lr: 1.000e-03, eta: 0:19:55, time: 0.429, data_time: 0.016, memory: 6941, loss_cls: 7.6209, loss_conf: 28.9231, loss_xy: 51.3298, loss_wh: 2.8447, loss: 90.7185, grad_norm: 834.7166
2023-02-10 14:02:03,255 - mmdet - INFO - 
+-------------+------+------+--------+-------+
| class       | gts  | dets | recall | ap    |
+-------------+------+------+--------+-------+
| aeroplane   | 155  | 345  | 0.929  | 0.829 |
| bicycle     | 177  | 407  | 0.932  | 0.850 |
| bird        | 243  | 737  | 0.848  | 0.664 |
| boat        | 150  | 469  | 0.820  | 0.604 |
| bottle      | 252  | 945  | 0.881  | 0.687 |
| bus         | 114  | 277  | 0.877  | 0.786 |
| car         | 625  | 1449 | 0.938  | 0.859 |
| cat         | 190  | 402  | 0.921  | 0.789 |
| chair       | 398  | 1378 | 0.847  | 0.694 |
| cow         | 123  | 354  | 0.902  | 0.799 |
| diningtable | 112  | 449  | 0.848  | 0.678 |
| dog         | 257  | 776  | 0.930  | 0.798 |
| horse       | 180  | 549  | 0.950  | 0.853 |
| motorbike   | 172  | 528  | 0.942  | 0.833 |
| person      | 2332 | 6460 | 0.949  | 0.853 |
| pottedplant | 266  | 801  | 0.767  | 0.567 |
| sheep       | 127  | 475  | 0.906  | 0.744 |
| sofa        | 124  | 707  | 0.960  | 0.737 |
| train       | 152  | 237  | 0.914  | 0.886 |
| tvmonitor   | 158  | 291  | 0.873  | 0.772 |
+-------------+------+------+--------+-------+
| mAP         |      |      |        | 0.764 |
+-------------+------+------+--------+-------+
2023-02-10 14:02:03,466 - mmdet - INFO - Exp name: yolovoc.py
2023-02-10 14:02:03,468 - mmdet - INFO - Epoch(val) [16][2510]	mAP: 0.7641, AP50: 0.7640
2023-02-10 14:02:50,763 - mmdet - INFO - Epoch [17][100/314]	lr: 1.000e-03, eta: 0:19:06, time: 0.473, data_time: 0.046, memory: 6941, loss_cls: 6.2015, loss_conf: 26.1705, loss_xy: 45.5171, loss_wh: 2.1669, loss: 80.0561, grad_norm: 744.1863
2023-02-10 14:03:34,325 - mmdet - INFO - Epoch [17][200/314]	lr: 1.000e-03, eta: 0:18:25, time: 0.436, data_time: 0.015, memory: 6941, loss_cls: 6.3002, loss_conf: 26.9405, loss_xy: 46.8334, loss_wh: 2.0939, loss: 82.1680, grad_norm: 786.9233
2023-02-10 14:04:16,817 - mmdet - INFO - Epoch [17][300/314]	lr: 1.000e-03, eta: 0:17:43, time: 0.425, data_time: 0.015, memory: 6941, loss_cls: 7.6005, loss_conf: 25.9076, loss_xy: 50.5664, loss_wh: 2.5642, loss: 86.6386, grad_norm: 763.5964
2023-02-10 14:06:01,424 - mmdet - INFO - 
+-------------+------+------+--------+-------+
| class       | gts  | dets | recall | ap    |
+-------------+------+------+--------+-------+
| aeroplane   | 155  | 372  | 0.955  | 0.865 |
| bicycle     | 177  | 487  | 0.915  | 0.815 |
| bird        | 243  | 629  | 0.868  | 0.728 |
| boat        | 150  | 546  | 0.873  | 0.666 |
| bottle      | 252  | 802  | 0.893  | 0.693 |
| bus         | 114  | 294  | 0.895  | 0.789 |
| car         | 625  | 1381 | 0.947  | 0.879 |
| cat         | 190  | 366  | 0.937  | 0.817 |
| chair       | 398  | 1558 | 0.872  | 0.705 |
| cow         | 123  | 319  | 0.870  | 0.734 |
| diningtable | 112  | 580  | 0.911  | 0.706 |
| dog         | 257  | 644  | 0.946  | 0.820 |
| horse       | 180  | 347  | 0.928  | 0.868 |
| motorbike   | 172  | 448  | 0.930  | 0.842 |
| person      | 2332 | 5770 | 0.935  | 0.851 |
| pottedplant | 266  | 771  | 0.737  | 0.536 |
| sheep       | 127  | 318  | 0.858  | 0.704 |
| sofa        | 124  | 470  | 0.944  | 0.768 |
| train       | 152  | 249  | 0.941  | 0.884 |
| tvmonitor   | 158  | 322  | 0.911  | 0.828 |
+-------------+------+------+--------+-------+
| mAP         |      |      |        | 0.775 |
+-------------+------+------+--------+-------+
2023-02-10 14:06:01,602 - mmdet - INFO - Exp name: yolovoc.py
2023-02-10 14:06:01,603 - mmdet - INFO - Epoch(val) [17][2510]	mAP: 0.7750, AP50: 0.7750
2023-02-10 14:06:48,158 - mmdet - INFO - Epoch [18][100/314]	lr: 1.000e-03, eta: 0:16:55, time: 0.465, data_time: 0.044, memory: 6941, loss_cls: 6.7120, loss_conf: 27.2155, loss_xy: 46.7203, loss_wh: 2.2269, loss: 82.8746, grad_norm: 773.2397
2023-02-10 14:07:31,407 - mmdet - INFO - Epoch [18][200/314]	lr: 1.000e-03, eta: 0:16:13, time: 0.432, data_time: 0.015, memory: 6941, loss_cls: 5.8957, loss_conf: 24.5850, loss_xy: 45.2148, loss_wh: 2.2381, loss: 77.9336, grad_norm: 718.8889
2023-02-10 14:08:14,563 - mmdet - INFO - Epoch [18][300/314]	lr: 1.000e-03, eta: 0:15:31, time: 0.432, data_time: 0.016, memory: 6941, loss_cls: 6.4939, loss_conf: 27.2289, loss_xy: 49.7055, loss_wh: 2.3352, loss: 85.7635, grad_norm: 756.1086
2023-02-10 14:09:58,512 - mmdet - INFO - 
+-------------+------+------+--------+-------+
| class       | gts  | dets | recall | ap    |
+-------------+------+------+--------+-------+
| aeroplane   | 155  | 437  | 0.948  | 0.845 |
| bicycle     | 177  | 483  | 0.938  | 0.858 |
| bird        | 243  | 830  | 0.881  | 0.737 |
| boat        | 150  | 453  | 0.853  | 0.656 |
| bottle      | 252  | 862  | 0.885  | 0.695 |
| bus         | 114  | 226  | 0.904  | 0.818 |
| car         | 625  | 1412 | 0.851  | 0.651 |
| cat         | 190  | 331  | 0.853  | 0.763 |
| chair       | 398  | 1775 | 0.869  | 0.681 |
| cow         | 123  | 341  | 0.894  | 0.775 |
| diningtable | 112  | 625  | 0.884  | 0.685 |
| dog         | 257  | 832  | 0.938  | 0.797 |
| horse       | 180  | 490  | 0.933  | 0.858 |
| motorbike   | 172  | 648  | 0.953  | 0.864 |
| person      | 2332 | 5325 | 0.925  | 0.839 |
| pottedplant | 266  | 657  | 0.718  | 0.510 |
| sheep       | 127  | 484  | 0.874  | 0.705 |
| sofa        | 124  | 719  | 0.935  | 0.727 |
| train       | 152  | 236  | 0.934  | 0.894 |
| tvmonitor   | 158  | 361  | 0.880  | 0.771 |
+-------------+------+------+--------+-------+
| mAP         |      |      |        | 0.756 |
+-------------+------+------+--------+-------+
2023-02-10 14:09:58,624 - mmdet - INFO - Exp name: yolovoc.py
2023-02-10 14:09:58,624 - mmdet - INFO - Epoch(val) [18][2510]	mAP: 0.7565, AP50: 0.7560
2023-02-10 14:10:44,292 - mmdet - INFO - Epoch [19][100/314]	lr: 1.000e-03, eta: 0:14:42, time: 0.457, data_time: 0.045, memory: 6941, loss_cls: 6.5096, loss_conf: 26.9089, loss_xy: 48.2102, loss_wh: 2.3163, loss: 83.9451, grad_norm: 767.2613
2023-02-10 14:11:28,088 - mmdet - INFO - Epoch [19][200/314]	lr: 1.000e-03, eta: 0:14:01, time: 0.438, data_time: 0.015, memory: 6941, loss_cls: 5.1374, loss_conf: 24.2813, loss_xy: 45.4277, loss_wh: 2.1929, loss: 77.0392, grad_norm: 713.5973
2023-02-10 14:12:11,293 - mmdet - INFO - Epoch [19][300/314]	lr: 1.000e-03, eta: 0:13:19, time: 0.432, data_time: 0.016, memory: 6941, loss_cls: 6.4706, loss_conf: 24.7397, loss_xy: 47.5178, loss_wh: 2.2985, loss: 81.0266, grad_norm: 778.6500
2023-02-10 14:13:55,593 - mmdet - INFO - 
+-------------+------+------+--------+-------+
| class       | gts  | dets | recall | ap    |
+-------------+------+------+--------+-------+
| aeroplane   | 155  | 260  | 0.923  | 0.861 |
| bicycle     | 177  | 625  | 0.960  | 0.846 |
| bird        | 243  | 565  | 0.877  | 0.761 |
| boat        | 150  | 472  | 0.820  | 0.621 |
| bottle      | 252  | 878  | 0.897  | 0.715 |
| bus         | 114  | 266  | 0.904  | 0.837 |
| car         | 625  | 1277 | 0.938  | 0.855 |
| cat         | 190  | 356  | 0.926  | 0.822 |
| chair       | 398  | 1980 | 0.897  | 0.676 |
| cow         | 123  | 282  | 0.862  | 0.768 |
| diningtable | 112  | 557  | 0.911  | 0.729 |
| dog         | 257  | 715  | 0.949  | 0.819 |
| horse       | 180  | 495  | 0.950  | 0.841 |
| motorbike   | 172  | 472  | 0.942  | 0.865 |
| person      | 2332 | 5612 | 0.945  | 0.854 |
| pottedplant | 266  | 961  | 0.808  | 0.538 |
| sheep       | 127  | 430  | 0.898  | 0.681 |
| sofa        | 124  | 598  | 0.968  | 0.754 |
| train       | 152  | 210  | 0.914  | 0.894 |
| tvmonitor   | 158  | 417  | 0.911  | 0.812 |
+-------------+------+------+--------+-------+
| mAP         |      |      |        | 0.778 |
+-------------+------+------+--------+-------+
2023-02-10 14:13:55,718 - mmdet - INFO - Exp name: yolovoc.py
2023-02-10 14:13:55,719 - mmdet - INFO - Epoch(val) [19][2510]	mAP: 0.7776, AP50: 0.7780
2023-02-10 14:14:40,970 - mmdet - INFO - Epoch [20][100/314]	lr: 1.000e-03, eta: 0:12:30, time: 0.452, data_time: 0.045, memory: 6941, loss_cls: 5.8202, loss_conf: 23.3283, loss_xy: 46.2226, loss_wh: 2.0251, loss: 77.3962, grad_norm: 732.6064
2023-02-10 14:15:27,068 - mmdet - INFO - Epoch [20][200/314]	lr: 1.000e-03, eta: 0:11:49, time: 0.461, data_time: 0.019, memory: 6941, loss_cls: 6.0040, loss_conf: 23.9281, loss_xy: 46.1122, loss_wh: 2.4290, loss: 78.4733, grad_norm: 749.9225
2023-02-10 14:16:09,402 - mmdet - INFO - Epoch [20][300/314]	lr: 1.000e-03, eta: 0:11:07, time: 0.423, data_time: 0.017, memory: 6941, loss_cls: 5.9904, loss_conf: 24.3304, loss_xy: 46.3151, loss_wh: 1.8481, loss: 78.4840, grad_norm: 773.9620
2023-02-10 14:16:15,326 - mmdet - INFO - Saving checkpoint at 20 epochs
2023-02-10 14:17:54,712 - mmdet - INFO - 
+-------------+------+------+--------+-------+
| class       | gts  | dets | recall | ap    |
+-------------+------+------+--------+-------+
| aeroplane   | 155  | 339  | 0.916  | 0.823 |
| bicycle     | 177  | 414  | 0.921  | 0.854 |
| bird        | 243  | 565  | 0.848  | 0.728 |
| boat        | 150  | 513  | 0.840  | 0.649 |
| bottle      | 252  | 564  | 0.885  | 0.738 |
| bus         | 114  | 270  | 0.895  | 0.798 |
| car         | 625  | 1235 | 0.922  | 0.812 |
| cat         | 190  | 381  | 0.932  | 0.824 |
| chair       | 398  | 1281 | 0.867  | 0.710 |
| cow         | 123  | 371  | 0.911  | 0.815 |
| diningtable | 112  | 492  | 0.866  | 0.697 |
| dog         | 257  | 726  | 0.938  | 0.814 |
| horse       | 180  | 548  | 0.967  | 0.840 |
| motorbike   | 172  | 550  | 0.959  | 0.841 |
| person      | 2332 | 4805 | 0.928  | 0.855 |
| pottedplant | 266  | 758  | 0.748  | 0.560 |
| sheep       | 127  | 439  | 0.913  | 0.776 |
| sofa        | 124  | 441  | 0.895  | 0.705 |
| train       | 152  | 274  | 0.928  | 0.888 |
| tvmonitor   | 158  | 315  | 0.873  | 0.782 |
+-------------+------+------+--------+-------+
| mAP         |      |      |        | 0.775 |
+-------------+------+------+--------+-------+
2023-02-10 14:17:54,913 - mmdet - INFO - Exp name: yolovoc.py
2023-02-10 14:17:54,917 - mmdet - INFO - Epoch(val) [20][2510]	mAP: 0.7755, AP50: 0.7750
2023-02-10 14:18:40,750 - mmdet - INFO - Epoch [21][100/314]	lr: 1.000e-03, eta: 0:10:19, time: 0.458, data_time: 0.045, memory: 6941, loss_cls: 4.9953, loss_conf: 24.9631, loss_xy: 45.1039, loss_wh: 2.0802, loss: 77.1425, grad_norm: 740.1643
2023-02-10 14:19:24,148 - mmdet - INFO - Epoch [21][200/314]	lr: 1.000e-03, eta: 0:09:37, time: 0.434, data_time: 0.016, memory: 6941, loss_cls: 4.9464, loss_conf: 25.1816, loss_xy: 48.5678, loss_wh: 2.2823, loss: 80.9781, grad_norm: 722.6583
2023-02-10 14:20:07,588 - mmdet - INFO - Epoch [21][300/314]	lr: 1.000e-03, eta: 0:08:55, time: 0.434, data_time: 0.016, memory: 6941, loss_cls: 4.6593, loss_conf: 22.6907, loss_xy: 45.8686, loss_wh: 2.0456, loss: 75.2642, grad_norm: 709.3167
2023-02-10 14:21:51,897 - mmdet - INFO - 
+-------------+------+------+--------+-------+
| class       | gts  | dets | recall | ap    |
+-------------+------+------+--------+-------+
| aeroplane   | 155  | 316  | 0.929  | 0.839 |
| bicycle     | 177  | 462  | 0.938  | 0.850 |
| bird        | 243  | 621  | 0.877  | 0.733 |
| boat        | 150  | 472  | 0.813  | 0.634 |
| bottle      | 252  | 751  | 0.881  | 0.725 |
| bus         | 114  | 199  | 0.851  | 0.728 |
| car         | 625  | 1220 | 0.933  | 0.866 |
| cat         | 190  | 463  | 0.937  | 0.827 |
| chair       | 398  | 1205 | 0.839  | 0.696 |
| cow         | 123  | 277  | 0.878  | 0.785 |
| diningtable | 112  | 365  | 0.857  | 0.668 |
| dog         | 257  | 862  | 0.934  | 0.753 |
| horse       | 180  | 393  | 0.928  | 0.807 |
| motorbike   | 172  | 525  | 0.930  | 0.797 |
| person      | 2332 | 4664 | 0.934  | 0.857 |
| pottedplant | 266  | 766  | 0.744  | 0.537 |
| sheep       | 127  | 339  | 0.850  | 0.736 |
| sofa        | 124  | 423  | 0.935  | 0.750 |
| train       | 152  | 224  | 0.882  | 0.796 |
| tvmonitor   | 158  | 446  | 0.930  | 0.825 |
+-------------+------+------+--------+-------+
| mAP         |      |      |        | 0.760 |
+-------------+------+------+--------+-------+
2023-02-10 14:21:52,084 - mmdet - INFO - Exp name: yolovoc.py
2023-02-10 14:21:52,086 - mmdet - INFO - Epoch(val) [21][2510]	mAP: 0.7604, AP50: 0.7600
2023-02-10 14:22:37,847 - mmdet - INFO - Epoch [22][100/314]	lr: 1.000e-03, eta: 0:08:06, time: 0.457, data_time: 0.045, memory: 6941, loss_cls: 5.5548, loss_conf: 21.2382, loss_xy: 46.0075, loss_wh: 1.9687, loss: 74.7692, grad_norm: 730.3008
2023-02-10 14:23:21,360 - mmdet - INFO - Epoch [22][200/314]	lr: 1.000e-03, eta: 0:07:25, time: 0.435, data_time: 0.014, memory: 6941, loss_cls: 5.2827, loss_conf: 25.7189, loss_xy: 48.0564, loss_wh: 2.0088, loss: 81.0668, grad_norm: 758.0832
2023-02-10 14:24:05,077 - mmdet - INFO - Epoch [22][300/314]	lr: 1.000e-03, eta: 0:06:43, time: 0.437, data_time: 0.017, memory: 6941, loss_cls: 5.8995, loss_conf: 24.8468, loss_xy: 47.8361, loss_wh: 2.4090, loss: 80.9914, grad_norm: 747.8140
2023-02-10 14:25:49,850 - mmdet - INFO - 
+-------------+------+------+--------+-------+
| class       | gts  | dets | recall | ap    |
+-------------+------+------+--------+-------+
| aeroplane   | 155  | 370  | 0.813  | 0.518 |
| bicycle     | 177  | 485  | 0.944  | 0.838 |
| bird        | 243  | 516  | 0.835  | 0.740 |
| boat        | 150  | 474  | 0.820  | 0.656 |
| bottle      | 252  | 541  | 0.873  | 0.727 |
| bus         | 114  | 227  | 0.895  | 0.804 |
| car         | 625  | 1300 | 0.914  | 0.825 |
| cat         | 190  | 410  | 0.921  | 0.790 |
| chair       | 398  | 1195 | 0.832  | 0.712 |
| cow         | 123  | 497  | 0.919  | 0.771 |
| diningtable | 112  | 418  | 0.875  | 0.695 |
| dog         | 257  | 517  | 0.911  | 0.812 |
| horse       | 180  | 475  | 0.939  | 0.862 |
| motorbike   | 172  | 730  | 0.953  | 0.854 |
| person      | 2332 | 5097 | 0.936  | 0.859 |
| pottedplant | 266  | 826  | 0.782  | 0.573 |
| sheep       | 127  | 487  | 0.937  | 0.786 |
| sofa        | 124  | 427  | 0.919  | 0.735 |
| train       | 152  | 293  | 0.908  | 0.849 |
| tvmonitor   | 158  | 328  | 0.880  | 0.771 |
+-------------+------+------+--------+-------+
| mAP         |      |      |        | 0.759 |
+-------------+------+------+--------+-------+
2023-02-10 14:25:49,965 - mmdet - INFO - Exp name: yolovoc.py
2023-02-10 14:25:49,966 - mmdet - INFO - Epoch(val) [22][2510]	mAP: 0.7588, AP50: 0.7590
2023-02-10 14:26:35,784 - mmdet - INFO - Epoch [23][100/314]	lr: 1.000e-03, eta: 0:05:54, time: 0.458, data_time: 0.046, memory: 6941, loss_cls: 5.2174, loss_conf: 24.1256, loss_xy: 47.9762, loss_wh: 2.0648, loss: 79.3841, grad_norm: 711.8142
2023-02-10 14:27:19,885 - mmdet - INFO - Epoch [23][200/314]	lr: 1.000e-03, eta: 0:05:12, time: 0.441, data_time: 0.016, memory: 6941, loss_cls: 5.2932, loss_conf: 23.6496, loss_xy: 45.5464, loss_wh: 2.0632, loss: 76.5524, grad_norm: 731.5941
2023-02-10 14:28:05,145 - mmdet - INFO - Epoch [23][300/314]	lr: 1.000e-03, eta: 0:04:30, time: 0.453, data_time: 0.020, memory: 6941, loss_cls: 5.5485, loss_conf: 24.8760, loss_xy: 46.6336, loss_wh: 1.8996, loss: 78.9576, grad_norm: 761.7665
2023-02-10 14:29:49,404 - mmdet - INFO - 
+-------------+------+------+--------+-------+
| class       | gts  | dets | recall | ap    |
+-------------+------+------+--------+-------+
| aeroplane   | 155  | 243  | 0.916  | 0.857 |
| bicycle     | 177  | 498  | 0.932  | 0.840 |
| bird        | 243  | 567  | 0.844  | 0.740 |
| boat        | 150  | 544  | 0.847  | 0.658 |
| bottle      | 252  | 592  | 0.889  | 0.732 |
| bus         | 114  | 232  | 0.904  | 0.850 |
| car         | 625  | 1132 | 0.930  | 0.860 |
| cat         | 190  | 321  | 0.905  | 0.842 |
| chair       | 398  | 1564 | 0.847  | 0.678 |
| cow         | 123  | 327  | 0.927  | 0.817 |
| diningtable | 112  | 437  | 0.812  | 0.667 |
| dog         | 257  | 1003 | 0.949  | 0.741 |
| horse       | 180  | 423  | 0.939  | 0.849 |
| motorbike   | 172  | 392  | 0.948  | 0.860 |
| person      | 2332 | 4763 | 0.916  | 0.854 |
| pottedplant | 266  | 579  | 0.741  | 0.597 |
| sheep       | 127  | 479  | 0.874  | 0.725 |
| sofa        | 124  | 735  | 0.976  | 0.777 |
| train       | 152  | 270  | 0.941  | 0.876 |
| tvmonitor   | 158  | 345  | 0.867  | 0.757 |
+-------------+------+------+--------+-------+
| mAP         |      |      |        | 0.779 |
+-------------+------+------+--------+-------+
2023-02-10 14:29:49,524 - mmdet - INFO - Exp name: yolovoc.py
2023-02-10 14:29:49,530 - mmdet - INFO - Epoch(val) [23][2510]	mAP: 0.7789, AP50: 0.7790
2023-02-10 14:30:35,085 - mmdet - INFO - Epoch [24][100/314]	lr: 1.000e-03, eta: 0:03:42, time: 0.455, data_time: 0.046, memory: 6941, loss_cls: 5.0094, loss_conf: 21.5304, loss_xy: 43.8391, loss_wh: 1.9442, loss: 72.3232, grad_norm: 727.1540
2023-02-10 14:31:18,314 - mmdet - INFO - Epoch [24][200/314]	lr: 1.000e-03, eta: 0:03:00, time: 0.432, data_time: 0.017, memory: 6941, loss_cls: 6.1557, loss_conf: 26.8250, loss_xy: 51.0976, loss_wh: 2.1657, loss: 86.2440, grad_norm: 763.5863
2023-02-10 14:32:02,205 - mmdet - INFO - Epoch [24][300/314]	lr: 1.000e-03, eta: 0:02:18, time: 0.439, data_time: 0.016, memory: 6941, loss_cls: 3.9672, loss_conf: 22.5970, loss_xy: 46.1274, loss_wh: 1.9500, loss: 74.6415, grad_norm: 683.3338
2023-02-10 14:33:44,006 - mmdet - INFO - 
+-------------+------+------+--------+-------+
| class       | gts  | dets | recall | ap    |
+-------------+------+------+--------+-------+
| aeroplane   | 155  | 225  | 0.916  | 0.857 |
| bicycle     | 177  | 526  | 0.898  | 0.755 |
| bird        | 243  | 412  | 0.840  | 0.755 |
| boat        | 150  | 392  | 0.793  | 0.607 |
| bottle      | 252  | 560  | 0.869  | 0.727 |
| bus         | 114  | 221  | 0.895  | 0.801 |
| car         | 625  | 1196 | 0.944  | 0.873 |
| cat         | 190  | 383  | 0.921  | 0.831 |
| chair       | 398  | 1586 | 0.867  | 0.696 |
| cow         | 123  | 276  | 0.862  | 0.728 |
| diningtable | 112  | 508  | 0.857  | 0.668 |
| dog         | 257  | 659  | 0.942  | 0.805 |
| horse       | 180  | 551  | 0.928  | 0.815 |
| motorbike   | 172  | 494  | 0.936  | 0.825 |
| person      | 2332 | 4997 | 0.919  | 0.841 |
| pottedplant | 266  | 777  | 0.782  | 0.541 |
| sheep       | 127  | 374  | 0.874  | 0.616 |
| sofa        | 124  | 364  | 0.879  | 0.742 |
| train       | 152  | 236  | 0.908  | 0.872 |
| tvmonitor   | 158  | 258  | 0.848  | 0.790 |
+-------------+------+------+--------+-------+
| mAP         |      |      |        | 0.757 |
+-------------+------+------+--------+-------+
2023-02-10 14:33:44,185 - mmdet - INFO - Exp name: yolovoc.py
2023-02-10 14:33:44,207 - mmdet - INFO - Epoch(val) [24][2510]	mAP: 0.7572, AP50: 0.7570
2023-02-10 14:34:31,623 - mmdet - INFO - Epoch [25][100/314]	lr: 1.000e-03, eta: 0:01:30, time: 0.474, data_time: 0.057, memory: 6941, loss_cls: 5.5756, loss_conf: 24.1914, loss_xy: 47.9505, loss_wh: 1.9404, loss: 79.6579, grad_norm: 709.5284
2023-02-10 14:35:14,816 - mmdet - INFO - Epoch [25][200/314]	lr: 1.000e-03, eta: 0:00:48, time: 0.432, data_time: 0.015, memory: 6941, loss_cls: 4.9845, loss_conf: 23.8686, loss_xy: 45.9615, loss_wh: 2.1617, loss: 76.9763, grad_norm: 732.6597
2023-02-10 14:35:57,785 - mmdet - INFO - Epoch [25][300/314]	lr: 1.000e-03, eta: 0:00:05, time: 0.430, data_time: 0.016, memory: 6941, loss_cls: 4.9992, loss_conf: 23.2199, loss_xy: 46.8617, loss_wh: 2.0480, loss: 77.1288, grad_norm: 724.2141
2023-02-10 14:36:03,623 - mmdet - INFO - Saving checkpoint at 25 epochs
2023-02-10 14:37:43,213 - mmdet - INFO - 
+-------------+------+------+--------+-------+
| class       | gts  | dets | recall | ap    |
+-------------+------+------+--------+-------+
| aeroplane   | 155  | 311  | 0.897  | 0.700 |
| bicycle     | 177  | 478  | 0.938  | 0.830 |
| bird        | 243  | 542  | 0.840  | 0.693 |
| boat        | 150  | 388  | 0.820  | 0.662 |
| bottle      | 252  | 624  | 0.746  | 0.572 |
| bus         | 114  | 246  | 0.895  | 0.798 |
| car         | 625  | 1227 | 0.949  | 0.869 |
| cat         | 190  | 224  | 0.732  | 0.668 |
| chair       | 398  | 1560 | 0.847  | 0.695 |
| cow         | 123  | 281  | 0.878  | 0.734 |
| diningtable | 112  | 449  | 0.848  | 0.695 |
| dog         | 257  | 689  | 0.922  | 0.750 |
| horse       | 180  | 412  | 0.928  | 0.844 |
| motorbike   | 172  | 448  | 0.936  | 0.832 |
| person      | 2332 | 4785 | 0.925  | 0.853 |
| pottedplant | 266  | 959  | 0.827  | 0.591 |
| sheep       | 127  | 292  | 0.898  | 0.759 |
| sofa        | 124  | 578  | 0.935  | 0.741 |
| train       | 152  | 249  | 0.941  | 0.898 |
| tvmonitor   | 158  | 274  | 0.867  | 0.776 |
+-------------+------+------+--------+-------+
| mAP         |      |      |        | 0.748 |
+-------------+------+------+--------+-------+
2023-02-10 14:37:43,368 - mmdet - INFO - Exp name: yolovoc.py
2023-02-10 14:37:43,379 - mmdet - INFO - Epoch(val) [25][2510]	mAP: 0.7481, AP50: 0.7480
